<?xml version="1.0" encoding="UTF-8"?>
<!-- Generated by org.testng.reporters.JUnitReportReporter -->
<testsuite hostname="LAPTOP-G4TED986" failures="0" tests="1" name="testng.Testing" time="0.009" errors="0" timestamp="2023-11-16T13:36:41 IST" skipped="0">
  <testcase classname="testng.Testing" name="get" time="0.009"/>
  <system-out/>
</testsuite> <!-- testng.Testing -->
